<?xml version="1.0" encoding="UTF-8"?>
<!-- Generated by org.testng.reporters.JUnitReportReporter -->
<testsuite skipped="0" hostname="DESKTOP-2Q8P5UA" name="test.CheckBoxTest2" tests="1" failures="0" timestamp="25 Feb 2019 14:38:34 GMT" time="2.341" errors="0">
  <testcase name="randomCheck" time="2.341" classname="test.CheckBoxTest2"/>
</testsuite> <!-- test.CheckBoxTest2 -->
